[0.018s] Invoking command in '/home/ruize/dev_ws/build/wamv_gazebo': CMAKE_PREFIX_PATH=/home/ruize/dev_ws/install/usv_gazebo_plugins:/home/ruize/dev_ws/install/wave_gazebo_plugins:/home/ruize/dev_ws/install/wamv_description:/home/ruize/dev_ws/install/usv_msgs:/home/ruize/dev_ws/install/wamv_gazebo:/home/ruize/dev_ws/install/vrx_gazebo:/home/ruize/px4_ros_com_ros2/install/px4_ros_com:/home/ruize/px4_ros_com_ros2/install/px4_msgs:/opt/ros/foxy /usr/bin/cmake --build /home/ruize/dev_ws/build/wamv_gazebo -- -j4 -l4
[0.041s] -- Found wamv_description: 0.0.0 (/home/ruize/dev_ws/install/wamv_description/share/wamv_description/cmake)
[0.041s] -- Found usv_gazebo_plugins: 0.0.0 (/home/ruize/dev_ws/install/usv_gazebo_plugins/share/usv_gazebo_plugins/cmake)
[0.075s] -- Using PYTHON_EXECUTABLE: /usr/bin/python3
[0.236s] -- Using all available rosidl_typesupport_c: rosidl_typesupport_fastrtps_c;rosidl_typesupport_introspection_c
[0.242s] -- Found rosidl_adapter: 1.2.0 (/opt/ros/foxy/share/rosidl_adapter/cmake)
[0.305s] -- Found OpenSSL: /usr/lib/x86_64-linux-gnu/libcrypto.so (found version "1.1.1f")  
[0.330s] -- Found FastRTPS: /opt/ros/foxy/include  
[0.392s] -- Using all available rosidl_typesupport_cpp: rosidl_typesupport_fastrtps_cpp;rosidl_typesupport_introspection_cpp
[0.518s] -- Found rmw_implementation_cmake: 1.0.2 (/opt/ros/foxy/share/rmw_implementation_cmake/cmake)
[0.519s] -- Using RMW implementation 'rmw_fastrtps_cpp' as default
[0.521s] -- Looking for pthread.h
[0.578s] -- Looking for pthread.h - found
[0.578s] -- Performing Test CMAKE_HAVE_LIBC_PTHREAD
[0.654s] -- Performing Test CMAKE_HAVE_LIBC_PTHREAD - Failed
[0.654s] -- Looking for pthread_create in pthreads
[0.706s] -- Looking for pthread_create in pthreads - not found
[0.706s] -- Looking for pthread_create in pthread
[0.778s] -- Looking for pthread_create in pthread - found
[0.779s] -- Found Threads: TRUE  
[0.899s] -- Found PkgConfig: /usr/bin/pkg-config (found version "0.29.1") 
[0.902s] -- Checking for module 'bullet>=2.82'
[0.915s] --   Found bullet, version 2.88
[1.002s] -- Found ccd: /usr/include (found suitable version "2.0", minimum required is "2.0") 
[1.046s] -- Found fcl: /usr/include (found suitable version "0.5.0", minimum required is "0.3.2") 
[1.098s] -- Found assimp: /usr/include (found version "5.0.0") 
[1.151s] -- Found DART: /usr/include (Required is at least version "6.6") found components: dart 
[1.171s] -- Found Boost: /usr/lib/x86_64-linux-gnu/cmake/Boost-1.71.0/BoostConfig.cmake (found suitable version "1.71.0", minimum required is "1.40.0") found components: thread system filesystem program_options regex iostreams date_time 
[1.185s] -- Found Protobuf: /usr/lib/x86_64-linux-gnu/libprotobuf.so;-lpthread (found version "3.6.1") 
[1.189s] -- Looking for ignition-math6 -- found version 6.8.0
[1.195s] -- Searching for dependencies of ignition-math6
[1.196s] -- Looking for OGRE...
[1.197s] -- OGRE_PREFIX_WATCH changed.
[1.201s] -- Checking for module 'OGRE'
[1.217s] --   Found OGRE, version 1.9.0
[1.245s] -- Found Ogre Ghadamon (1.9.0)
[1.251s] -- Found OGRE: optimized;/usr/lib/x86_64-linux-gnu/libOgreMain.so;debug;/usr/lib/x86_64-linux-gnu/libOgreMain.so
[1.260s] -- Looking for OGRE_Paging...
[1.265s] -- Found OGRE_Paging: optimized;/usr/lib/x86_64-linux-gnu/libOgrePaging.so;debug;/usr/lib/x86_64-linux-gnu/libOgrePaging.so
[1.265s] -- Looking for OGRE_Terrain...
[1.270s] -- Found OGRE_Terrain: optimized;/usr/lib/x86_64-linux-gnu/libOgreTerrain.so;debug;/usr/lib/x86_64-linux-gnu/libOgreTerrain.so
[1.270s] -- Looking for OGRE_Property...
[1.275s] -- Found OGRE_Property: optimized;/usr/lib/x86_64-linux-gnu/libOgreProperty.so;debug;/usr/lib/x86_64-linux-gnu/libOgreProperty.so
[1.275s] -- Looking for OGRE_RTShaderSystem...
[1.280s] -- Found OGRE_RTShaderSystem: optimized;/usr/lib/x86_64-linux-gnu/libOgreRTShaderSystem.so;debug;/usr/lib/x86_64-linux-gnu/libOgreRTShaderSystem.so
[1.281s] -- Looking for OGRE_Volume...
[1.285s] -- Found OGRE_Volume: optimized;/usr/lib/x86_64-linux-gnu/libOgreVolume.so;debug;/usr/lib/x86_64-linux-gnu/libOgreVolume.so
[1.285s] -- Looking for OGRE_Overlay...
[1.290s] -- Found OGRE_Overlay: optimized;/usr/lib/x86_64-linux-gnu/libOgreOverlay.so;debug;/usr/lib/x86_64-linux-gnu/libOgreOverlay.so
[1.392s] -- Looking for ignition-math6 -- found version 6.8.0
[1.394s] -- Looking for ignition-transport8 -- found version 8.2.0
[1.394s] -- Searching for dependencies of ignition-transport8
[1.411s] -- Found Protobuf: /usr/lib/x86_64-linux-gnu/libprotobuf.so;-lpthread (found suitable version "3.6.1", minimum required is "3") 
[1.420s] -- Config-file not installed for ZeroMQ -- checking for pkg-config
[1.424s] -- Checking for module 'libzmq >= 4'
[1.436s] --   Found libzmq , version 4.3.2
[1.471s] -- Found ZeroMQ: TRUE (Required is at least version "4") 
[1.476s] -- Checking for module 'uuid'
[1.486s] --   Found uuid, version 2.34.0
[1.522s] -- Found UUID: TRUE  
[1.526s] -- Looking for ignition-msgs5 -- found version 5.7.0
[1.528s] -- Searching for dependencies of ignition-msgs5
[1.543s] -- Looking for ignition-math6 -- found version 6.8.0
[1.547s] -- Checking for module 'tinyxml2'
[1.559s] --   Found tinyxml2, version 6.2.0
[1.589s] -- Looking for ignition-msgs5 -- found version 5.7.0
[1.592s] -- Looking for ignition-common3 -- found version 3.11.1
[1.593s] -- Searching for dependencies of ignition-common3
[1.593s] -- Looking for dlfcn.h - found
[1.594s] -- Looking for libdl - found
[1.594s] -- Found DL: TRUE  
[1.599s] -- Searching for <ignition-common3> component [graphics]
[1.601s] -- Looking for ignition-common3-graphics -- found version 3.11.1
[1.601s] -- Searching for dependencies of ignition-common3-graphics
[1.601s] -- Looking for ignition-math6 -- found version 6.8.0
[1.604s] -- Looking for ignition-fuel_tools4 -- found version 4.3.0
[1.604s] -- Searching for dependencies of ignition-fuel_tools4
[1.664s] -- Found CURL: /usr/lib/x86_64-linux-gnu/libcurl.so (found version "7.68.0")  
[1.672s] -- Checking for module 'jsoncpp'
[1.685s] --   Found jsoncpp, version 1.7.4
[1.710s] -- Found JSONCPP: TRUE  
[1.715s] -- Checking for module 'libzip'
[1.726s] --   Found libzip, version 1.5.1
[1.754s] -- Found ZIP: TRUE  
[1.754s] -- Looking for ignition-common3 -- found version 3.11.1
[1.755s] -- Looking for ignition-msgs5 -- found version 5.7.0
[1.755s] -- Gazebo version: 11.3
[1.836s] -- Found xacro: 2.0.4 (/opt/ros/foxy/share/xacro/cmake)
[1.836s] -- xacro: determining deps for: urdf/wamv_gazebo.urdf.xacro ...
[1.885s] CMake Warning at /opt/ros/foxy/share/xacro/cmake/xacro-extras.cmake:74 (message):
[1.885s]   failed to determine deps for: urdf/wamv_gazebo.urdf.xacro
[1.885s] 
[1.885s]   error: No such file or directory:
[1.885s]   /home/ruize/dev_ws/install/wamv_gazebo/share/wamv_gazebo/urdf/wamv_gazebo.xacro
[1.885s]   [Errno 2] No such file or directory:
[1.885s]   '/home/ruize/dev_ws/install/wamv_gazebo/share/wamv_gazebo/urdf/wamv_gazebo.xacro'
[1.885s] 
[1.885s] 
[1.885s]   when processing file: urdf/wamv_gazebo.urdf.xacro
[1.885s] 
[1.885s] Call Stack (most recent call first):
[1.886s]   /opt/ros/foxy/share/xacro/cmake/xacro-extras.cmake:133 (xacro_add_xacro_file)
[1.886s]   CMakeLists.txt:36 (xacro_add_files)
[1.886s] 
[1.886s] 
[1.886s] -- Found ament_lint_auto: 0.9.6 (/opt/ros/foxy/share/ament_lint_auto/cmake)
[1.938s] -- Added test 'copyright' to check source files copyright and LICENSE
[1.941s] -- Added test 'flake8' to check Python code syntax and style conventions
[1.942s] -- Added test 'lint_cmake' to check CMake code style
[1.942s] -- Added test 'pep257' to check Python code against some of the style conventions in PEP 257
[1.944s] -- Added test 'xmllint' to check XML markup files
[1.947s] -- Configuring done
[1.950s] -- Generating done
[1.953s] -- Build files have been written to: /home/ruize/dev_ws/build/wamv_gazebo
[1.976s] [35m[1mScanning dependencies of target wamv_gazebo__xacro_auto_generate[0m
[1.986s] [100%] [34m[1mxacro: generating urdf/wamv_gazebo.urdf from urdf/wamv_gazebo.urdf.xacro[0m
[2.028s] [91mNo such file or directory: /home/ruize/dev_ws/install/wamv_gazebo/share/wamv_gazebo/urdf/wamv_gazebo.xacro [Errno 2] No such file or directory: '/home/ruize/dev_ws/install/wamv_gazebo/share/wamv_gazebo/urdf/wamv_gazebo.xacro'[0m
[2.028s] when processing file: urdf/wamv_gazebo.urdf.xacro
[2.034s] make[2]: *** [CMakeFiles/wamv_gazebo__xacro_auto_generate.dir/build.make:61: urdf/wamv_gazebo.urdf] Error 2
[2.034s] make[1]: *** [CMakeFiles/Makefile2:78: CMakeFiles/wamv_gazebo__xacro_auto_generate.dir/all] Error 2
[2.034s] make: *** [Makefile:141: all] Error 2
[2.039s] Invoked command in '/home/ruize/dev_ws/build/wamv_gazebo' returned '2': CMAKE_PREFIX_PATH=/home/ruize/dev_ws/install/usv_gazebo_plugins:/home/ruize/dev_ws/install/wave_gazebo_plugins:/home/ruize/dev_ws/install/wamv_description:/home/ruize/dev_ws/install/usv_msgs:/home/ruize/dev_ws/install/wamv_gazebo:/home/ruize/dev_ws/install/vrx_gazebo:/home/ruize/px4_ros_com_ros2/install/px4_ros_com:/home/ruize/px4_ros_com_ros2/install/px4_msgs:/opt/ros/foxy /usr/bin/cmake --build /home/ruize/dev_ws/build/wamv_gazebo -- -j4 -l4
