[0.017s] Invoking command in '/home/ruize/dev_ws/build/usv_gazebo_plugins': CMAKE_PREFIX_PATH=${CMAKE_PREFIX_PATH}:/opt/ros/foxy /usr/bin/cmake --build /home/ruize/dev_ws/build/usv_gazebo_plugins -- -j4 -l4
[0.050s] -- Found ament_cmake: 0.9.8 (/opt/ros/foxy/share/ament_cmake/cmake)
[0.068s] -- Using PYTHON_EXECUTABLE: /usr/bin/python3
[0.210s] -- Found gazebo_ros: 3.5.0 (/opt/ros/foxy/share/gazebo_ros/cmake)
[0.236s] -- Using all available rosidl_typesupport_c: rosidl_typesupport_fastrtps_c;rosidl_typesupport_introspection_c
[0.239s] -- Found rosidl_adapter: 1.2.0 (/opt/ros/foxy/share/rosidl_adapter/cmake)
[0.344s] -- Using all available rosidl_typesupport_cpp: rosidl_typesupport_fastrtps_cpp;rosidl_typesupport_introspection_cpp
[0.380s] -- Found rmw_implementation_cmake: 1.0.2 (/opt/ros/foxy/share/rmw_implementation_cmake/cmake)
[0.381s] -- Using RMW implementation 'rmw_fastrtps_cpp' as default
[0.530s] -- Found DART: /usr/include (Required is at least version "6.6") found components: dart 
[0.554s] -- Found Protobuf: /usr/lib/x86_64-linux-gnu/libprotobuf.so;-lpthread (found version "3.6.1") 
[0.555s] -- Looking for ignition-math6 -- found version 6.8.0
[0.559s] -- Searching for dependencies of ignition-math6
[0.561s] -- Looking for OGRE...
[0.565s] -- Found Ogre Ghadamon (1.9.0)
[0.566s] -- Found OGRE: optimized;/usr/lib/x86_64-linux-gnu/libOgreMain.so;debug;/usr/lib/x86_64-linux-gnu/libOgreMain.so
[0.574s] -- Looking for OGRE_Paging...
[0.575s] -- Found OGRE_Paging: optimized;/usr/lib/x86_64-linux-gnu/libOgrePaging.so;debug;/usr/lib/x86_64-linux-gnu/libOgrePaging.so
[0.575s] -- Looking for OGRE_Terrain...
[0.575s] -- Found OGRE_Terrain: optimized;/usr/lib/x86_64-linux-gnu/libOgreTerrain.so;debug;/usr/lib/x86_64-linux-gnu/libOgreTerrain.so
[0.575s] -- Looking for OGRE_Property...
[0.575s] -- Found OGRE_Property: optimized;/usr/lib/x86_64-linux-gnu/libOgreProperty.so;debug;/usr/lib/x86_64-linux-gnu/libOgreProperty.so
[0.575s] -- Looking for OGRE_RTShaderSystem...
[0.575s] -- Found OGRE_RTShaderSystem: optimized;/usr/lib/x86_64-linux-gnu/libOgreRTShaderSystem.so;debug;/usr/lib/x86_64-linux-gnu/libOgreRTShaderSystem.so
[0.575s] -- Looking for OGRE_Volume...
[0.576s] -- Found OGRE_Volume: optimized;/usr/lib/x86_64-linux-gnu/libOgreVolume.so;debug;/usr/lib/x86_64-linux-gnu/libOgreVolume.so
[0.576s] -- Looking for OGRE_Overlay...
[0.576s] -- Found OGRE_Overlay: optimized;/usr/lib/x86_64-linux-gnu/libOgreOverlay.so;debug;/usr/lib/x86_64-linux-gnu/libOgreOverlay.so
[0.701s] -- Looking for ignition-math6 -- found version 6.8.0
[0.701s] -- Looking for ignition-transport8 -- found version 8.2.0
[0.701s] -- Searching for dependencies of ignition-transport8
[0.718s] -- Found Protobuf: /usr/lib/x86_64-linux-gnu/libprotobuf.so;-lpthread (found suitable version "3.6.1", minimum required is "3") 
[0.729s] -- Config-file not installed for ZeroMQ -- checking for pkg-config
[0.733s] -- Checking for module 'libzmq >= 4'
[0.747s] --   Found libzmq , version 4.3.2
[0.786s] -- Checking for module 'uuid'
[0.800s] --   Found uuid, version 2.34.0
[0.828s] -- Looking for ignition-msgs5 -- found version 5.7.0
[0.828s] -- Searching for dependencies of ignition-msgs5
[0.845s] -- Looking for ignition-math6 -- found version 6.8.0
[0.850s] -- Checking for module 'tinyxml2'
[0.862s] --   Found tinyxml2, version 6.2.0
[0.892s] -- Looking for ignition-msgs5 -- found version 5.7.0
[0.893s] -- Looking for ignition-common3 -- found version 3.11.1
[0.894s] -- Searching for dependencies of ignition-common3
[0.894s] -- Looking for dlfcn.h - found
[0.895s] -- Looking for libdl - found
[0.903s] -- Searching for <ignition-common3> component [graphics]
[0.903s] -- Looking for ignition-common3-graphics -- found version 3.11.1
[0.904s] -- Searching for dependencies of ignition-common3-graphics
[0.904s] -- Looking for ignition-math6 -- found version 6.8.0
[0.905s] -- Looking for ignition-fuel_tools4 -- found version 4.3.0
[0.906s] -- Searching for dependencies of ignition-fuel_tools4
[0.926s] -- Checking for module 'jsoncpp'
[0.936s] --   Found jsoncpp, version 1.7.4
[0.965s] -- Checking for module 'libzip'
[0.976s] --   Found libzip, version 1.5.1
[1.001s] -- Looking for ignition-common3 -- found version 3.11.1
[1.001s] -- Looking for ignition-msgs5 -- found version 5.7.0
[1.002s] -- Gazebo version: 11.3
[1.010s] -- Found rosidl_default_generators: 1.0.0 (/opt/ros/foxy/share/rosidl_default_generators/cmake)
[1.018s] -- Found xacro: 2.0.4 (/opt/ros/foxy/share/xacro/cmake)
[1.018s] -- Found wave_gazebo_plugins: 1.3.0 (/home/ruize/dev_ws/install/wave_gazebo_plugins/share/wave_gazebo_plugins/cmake)
[1.030s] -- Found usv_msgs: 0.0.0 (/home/ruize/dev_ws/install/usv_msgs/share/usv_msgs/cmake)
[1.063s] -- xacro: determining deps for: worlds/buoyancy_plugin_demo.world.xacro ...
[1.109s] -- Found ament_lint_auto: 0.9.6 (/opt/ros/foxy/share/ament_lint_auto/cmake)
[1.158s] -- Added test 'copyright' to check source files copyright and LICENSE
[1.159s] -- Added test 'cppcheck' to perform static code analysis on C / C++ code
[1.159s] -- Configured cppcheck include dirs: /home/ruize/dev_ws/src/usv_gazebo_plugins/include
[1.160s] -- Configured cppcheck exclude dirs and/or files: 
[1.160s] -- Added test 'cpplint' to check C / C++ code against the Google style
[1.161s] -- Configured cpplint exclude dirs and/or files: 
[1.161s] -- Added test 'flake8' to check Python code syntax and style conventions
[1.161s] -- Added test 'lint_cmake' to check CMake code style
[1.162s] -- Added test 'pep257' to check Python code against some of the style conventions in PEP 257
[1.162s] -- Added test 'uncrustify' to check C / C++ code style
[1.162s] -- Configured uncrustify additional arguments: 
[1.163s] -- Added test 'xmllint' to check XML markup files
[1.166s] -- Configuring done
[1.175s] -- Generating done
[1.177s] -- Build files have been written to: /home/ruize/dev_ws/build/usv_gazebo_plugins
[1.199s] [35m[1mScanning dependencies of target buoyancy_gazebo_plugin[0m
[1.212s] [ 40%] [32mBuilding CXX object CMakeFiles/buoyancy_gazebo_plugin.dir/src/shape_volume.cc.o[0m
[1.213s] [ 40%] [32mBuilding CXX object CMakeFiles/buoyancy_gazebo_plugin.dir/src/buoyancy_gazebo_plugin.cc.o[0m
[1.215s] [ 60%] Built target usv_gazebo_plugins__xacro_auto_generate
[1.216s] [ 80%] [32mBuilding CXX object CMakeFiles/buoyancy_gazebo_plugin.dir/src/polyhedron_volume.cc.o[0m
[2.180s] In file included from [01m[K/home/ruize/dev_ws/src/usv_gazebo_plugins/src/buoyancy_gazebo_plugin.cc:22[m[K:
[2.180s] [01m[K/home/ruize/dev_ws/src/usv_gazebo_plugins/include/usv_gazebo_plugins/buoyancy_gazebo_plugin.hh:33:10:[m[K [01;31m[Kfatal error: [m[Kwave_gazebo_plugins/Wavefield.hh: No such file or directory
[2.180s]    33 | #include [01;31m[K"wave_gazebo_plugins/Wavefield.hh"[m[K
[2.180s]       |          [01;31m[K^~~~~~~~~~~~~~~~~~~~~~~~~~~~~~~~~~[m[K
[2.180s] compilation terminated.
[2.189s] make[2]: *** [CMakeFiles/buoyancy_gazebo_plugin.dir/build.make:63: CMakeFiles/buoyancy_gazebo_plugin.dir/src/buoyancy_gazebo_plugin.cc.o] Error 1
[2.189s] make[2]: *** Waiting for unfinished jobs....
[3.783s] In file included from [01m[K/usr/include/c++/9/cassert:44[m[K,
[3.783s]                  from [01m[K/usr/include/google/protobuf/extension_set.h:42[m[K,
[3.783s]                  from [01m[K/usr/include/gazebo-11/gazebo/msgs/poses_stamped.pb.h:31[m[K,
[3.783s]                  from [01m[K/usr/include/gazebo-11/gazebo/physics/PhysicsTypes.hh:26[m[K,
[3.783s]                  from [01m[K/usr/include/gazebo-11/gazebo/common/Plugin.hh:41[m[K,
[3.783s]                  from [01m[K/usr/include/gazebo-11/gazebo/common/common.hh:36[m[K,
[3.783s]                  from [01m[K/home/ruize/dev_ws/src/usv_gazebo_plugins/include/usv_gazebo_plugins/polyhedron_volume.hh:22[m[K,
[3.783s]                  from [01m[K/home/ruize/dev_ws/src/usv_gazebo_plugins/src/polyhedron_volume.cc:18[m[K:
[3.783s] [01m[K/home/ruize/dev_ws/src/usv_gazebo_plugins/src/polyhedron_volume.cc:[m[K In static member function â€˜[01m[Kstatic buoyancy::Polyhedron buoyancy::Polyhedron::makeCylinder(double, double, int)[m[Kâ€™:
[3.783s] [01m[K/home/ruize/dev_ws/src/usv_gazebo_plugins/src/polyhedron_volume.cc:121:35:[m[K [01;35m[Kwarning: [m[Kcomparison of integer expressions of different signedness: â€˜[01m[Kstd::vector<ignition::math::v6::Vector3<double> >::size_type[m[Kâ€™ {aka â€˜[01m[Klong unsigned int[m[Kâ€™} and â€˜[01m[Kint[m[Kâ€™ [[01;35m[K-Wsign-compare[m[K]
[3.783s]   121 |   assert([01;35m[Kcylinder.vertices.size() == 2 * n + 2[m[K);
[3.783s]       |          [01;35m[K~~~~~~~~~~~~~~~~~~~~~~~~~^~~~~~~~~~~~[m[K
[3.783s] [01m[K/home/ruize/dev_ws/src/usv_gazebo_plugins/src/polyhedron_volume.cc:122:32:[m[K [01;35m[Kwarning: [m[Kcomparison of integer expressions of different signedness: â€˜[01m[Kstd::vector<buoyancy::Polyhedron::Face>::size_type[m[Kâ€™ {aka â€˜[01m[Klong unsigned int[m[Kâ€™} and â€˜[01m[Kint[m[Kâ€™ [[01;35m[K-Wsign-compare[m[K]
[3.783s]   122 |   assert([01;35m[Kcylinder.faces.size() == 4 * n[m[K);
[3.783s]       |          [01;35m[K~~~~~~~~~~~~~~~~~~~~~~^~~~~~~~[m[K
[4.800s] [01m[K/home/ruize/dev_ws/src/usv_gazebo_plugins/src/shape_volume.cc:[m[K In member function â€˜[01m[Kvirtual std::string buoyancy::ShapeVolume::Display()[m[Kâ€™:
[4.800s] [01m[K/home/ruize/dev_ws/src/usv_gazebo_plugins/src/shape_volume.cc:116:1:[m[K [01;35m[Kwarning: [m[Kcontrol reaches end of non-void function [[01;35m[K-Wreturn-type[m[K]
[4.800s]   116 | [01;35m[K}[m[K
[4.800s]       | [01;35m[K^[m[K
[6.910s] make[1]: *** [CMakeFiles/Makefile2:107: CMakeFiles/buoyancy_gazebo_plugin.dir/all] Error 2
[6.912s] make: *** [Makefile:141: all] Error 2
[6.913s] Invoked command in '/home/ruize/dev_ws/build/usv_gazebo_plugins' returned '2': CMAKE_PREFIX_PATH=${CMAKE_PREFIX_PATH}:/opt/ros/foxy /usr/bin/cmake --build /home/ruize/dev_ws/build/usv_gazebo_plugins -- -j4 -l4
