[0.016s] Invoking command in '/home/ruize/dev_ws/build/usv_gazebo_plugins': AMENT_PREFIX_PATH=/home/ruize/dev_ws/install/wave_gazebo_plugins:${AMENT_PREFIX_PATH} CMAKE_PREFIX_PATH=/home/ruize/dev_ws/install/wave_gazebo_plugins:/home/ruize/dev_ws/install/usv_msgs:/home/ruize/px4_ros_com_ros2/install/px4_ros_com:/home/ruize/px4_ros_com_ros2/install/px4_msgs:/opt/ros/foxy LD_LIBRARY_PATH=/home/ruize/dev_ws/install/wave_gazebo_plugins/lib:${LD_LIBRARY_PATH} /usr/bin/cmake /home/ruize/dev_ws/src/usv_gazebo_plugins -DCMAKE_INSTALL_PREFIX=/home/ruize/dev_ws/install/usv_gazebo_plugins
[0.026s] -- Found ament_cmake: 0.9.8 (/opt/ros/foxy/share/ament_cmake/cmake)
[0.041s] -- Using PYTHON_EXECUTABLE: /usr/bin/python3
[0.159s] -- Found gazebo_dev: 3.5.0 (/opt/ros/foxy/share/gazebo_dev/cmake)
[0.192s] -- Found DART: /usr/include (Required is at least version "6.6") found components: dart 
[0.214s] -- Found Protobuf: /usr/lib/x86_64-linux-gnu/libprotobuf.so;-lpthread (found version "3.6.1") 
[0.216s] -- Looking for ignition-math6 -- found version 6.8.0
[0.219s] -- Searching for dependencies of ignition-math6
[0.220s] -- Looking for OGRE...
[0.224s] -- Found Ogre Ghadamon (1.9.0)
[0.224s] -- Found OGRE: optimized;/usr/lib/x86_64-linux-gnu/libOgreMain.so;debug;/usr/lib/x86_64-linux-gnu/libOgreMain.so
[0.232s] -- Looking for OGRE_Paging...
[0.232s] -- Found OGRE_Paging: optimized;/usr/lib/x86_64-linux-gnu/libOgrePaging.so;debug;/usr/lib/x86_64-linux-gnu/libOgrePaging.so
[0.232s] -- Looking for OGRE_Terrain...
[0.232s] -- Found OGRE_Terrain: optimized;/usr/lib/x86_64-linux-gnu/libOgreTerrain.so;debug;/usr/lib/x86_64-linux-gnu/libOgreTerrain.so
[0.233s] -- Looking for OGRE_Property...
[0.233s] -- Found OGRE_Property: optimized;/usr/lib/x86_64-linux-gnu/libOgreProperty.so;debug;/usr/lib/x86_64-linux-gnu/libOgreProperty.so
[0.233s] -- Looking for OGRE_RTShaderSystem...
[0.233s] -- Found OGRE_RTShaderSystem: optimized;/usr/lib/x86_64-linux-gnu/libOgreRTShaderSystem.so;debug;/usr/lib/x86_64-linux-gnu/libOgreRTShaderSystem.so
[0.233s] -- Looking for OGRE_Volume...
[0.233s] -- Found OGRE_Volume: optimized;/usr/lib/x86_64-linux-gnu/libOgreVolume.so;debug;/usr/lib/x86_64-linux-gnu/libOgreVolume.so
[0.233s] -- Looking for OGRE_Overlay...
[0.233s] -- Found OGRE_Overlay: optimized;/usr/lib/x86_64-linux-gnu/libOgreOverlay.so;debug;/usr/lib/x86_64-linux-gnu/libOgreOverlay.so
[0.319s] -- Looking for ignition-math6 -- found version 6.8.0
[0.319s] -- Looking for ignition-transport8 -- found version 8.2.0
[0.319s] -- Searching for dependencies of ignition-transport8
[0.334s] -- Found Protobuf: /usr/lib/x86_64-linux-gnu/libprotobuf.so;-lpthread (found suitable version "3.6.1", minimum required is "3") 
[0.343s] -- Config-file not installed for ZeroMQ -- checking for pkg-config
[0.347s] -- Checking for module 'libzmq >= 4'
[0.357s] --   Found libzmq , version 4.3.2
[0.389s] -- Checking for module 'uuid'
[0.400s] --   Found uuid, version 2.34.0
[0.425s] -- Looking for ignition-msgs5 -- found version 5.7.0
[0.425s] -- Searching for dependencies of ignition-msgs5
[0.440s] -- Looking for ignition-math6 -- found version 6.8.0
[0.443s] -- Checking for module 'tinyxml2'
[0.452s] --   Found tinyxml2, version 6.2.0
[0.475s] -- Looking for ignition-msgs5 -- found version 5.7.0
[0.476s] -- Looking for ignition-common3 -- found version 3.11.1
[0.476s] -- Searching for dependencies of ignition-common3
[0.476s] -- Looking for dlfcn.h - found
[0.476s] -- Looking for libdl - found
[0.482s] -- Searching for <ignition-common3> component [graphics]
[0.482s] -- Looking for ignition-common3-graphics -- found version 3.11.1
[0.482s] -- Searching for dependencies of ignition-common3-graphics
[0.483s] -- Looking for ignition-math6 -- found version 6.8.0
[0.484s] -- Looking for ignition-fuel_tools4 -- found version 4.3.0
[0.484s] -- Searching for dependencies of ignition-fuel_tools4
[0.501s] -- Checking for module 'jsoncpp'
[0.511s] --   Found jsoncpp, version 1.7.4
[0.543s] -- Checking for module 'libzip'
[0.554s] --   Found libzip, version 1.5.1
[0.588s] -- Looking for ignition-common3 -- found version 3.11.1
[0.589s] -- Looking for ignition-msgs5 -- found version 5.7.0
[0.590s] -- Gazebo version: 11.3
[0.590s] -- Found rclcpp: 2.3.0 (/opt/ros/foxy/share/rclcpp/cmake)
[0.608s] -- Using all available rosidl_typesupport_c: rosidl_typesupport_fastrtps_c;rosidl_typesupport_introspection_c
[0.610s] -- Found rosidl_adapter: 1.2.0 (/opt/ros/foxy/share/rosidl_adapter/cmake)
[0.703s] -- Using all available rosidl_typesupport_cpp: rosidl_typesupport_fastrtps_cpp;rosidl_typesupport_introspection_cpp
[0.740s] -- Found rmw_implementation_cmake: 1.0.2 (/opt/ros/foxy/share/rmw_implementation_cmake/cmake)
[0.742s] -- Using RMW implementation 'rmw_fastrtps_cpp' as default
[0.846s] -- Found rosidl_default_generators: 1.0.0 (/opt/ros/foxy/share/rosidl_default_generators/cmake)
[0.854s] -- Found xacro: 2.0.4 (/opt/ros/foxy/share/xacro/cmake)
[0.856s] -- Found wave_gazebo_plugins: 1.3.0 (/home/ruize/dev_ws/install/wave_gazebo_plugins/share/wave_gazebo_plugins/cmake)
[0.873s] -- Found usv_msgs: 0.0.0 (/home/ruize/dev_ws/install/usv_msgs/share/usv_msgs/cmake)
[0.902s] -- xacro: determining deps for: worlds/buoyancy_plugin_demo.world.xacro ...
[0.945s] -- Found ament_lint_auto: 0.9.6 (/opt/ros/foxy/share/ament_lint_auto/cmake)
[0.989s] -- Added test 'copyright' to check source files copyright and LICENSE
[0.990s] -- Added test 'cppcheck' to perform static code analysis on C / C++ code
[0.991s] -- Configured cppcheck include dirs: /home/ruize/dev_ws/src/usv_gazebo_plugins/include
[0.991s] -- Configured cppcheck exclude dirs and/or files: 
[0.992s] -- Added test 'cpplint' to check C / C++ code against the Google style
[0.992s] -- Configured cpplint exclude dirs and/or files: 
[0.993s] -- Added test 'flake8' to check Python code syntax and style conventions
[0.993s] -- Added test 'lint_cmake' to check CMake code style
[0.994s] -- Added test 'pep257' to check Python code against some of the style conventions in PEP 257
[0.994s] -- Added test 'uncrustify' to check C / C++ code style
[0.994s] -- Configured uncrustify additional arguments: 
[0.995s] -- Added test 'xmllint' to check XML markup files
[0.997s] -- Configuring done
[1.009s] -- Generating done
[1.012s] -- Build files have been written to: /home/ruize/dev_ws/build/usv_gazebo_plugins
[1.019s] Invoked command in '/home/ruize/dev_ws/build/usv_gazebo_plugins' returned '0': AMENT_PREFIX_PATH=/home/ruize/dev_ws/install/wave_gazebo_plugins:${AMENT_PREFIX_PATH} CMAKE_PREFIX_PATH=/home/ruize/dev_ws/install/wave_gazebo_plugins:/home/ruize/dev_ws/install/usv_msgs:/home/ruize/px4_ros_com_ros2/install/px4_ros_com:/home/ruize/px4_ros_com_ros2/install/px4_msgs:/opt/ros/foxy LD_LIBRARY_PATH=/home/ruize/dev_ws/install/wave_gazebo_plugins/lib:${LD_LIBRARY_PATH} /usr/bin/cmake /home/ruize/dev_ws/src/usv_gazebo_plugins -DCMAKE_INSTALL_PREFIX=/home/ruize/dev_ws/install/usv_gazebo_plugins
[1.023s] Invoking command in '/home/ruize/dev_ws/build/usv_gazebo_plugins': AMENT_PREFIX_PATH=/home/ruize/dev_ws/install/wave_gazebo_plugins:${AMENT_PREFIX_PATH} CMAKE_PREFIX_PATH=/home/ruize/dev_ws/install/wave_gazebo_plugins:/home/ruize/dev_ws/install/usv_msgs:/home/ruize/px4_ros_com_ros2/install/px4_ros_com:/home/ruize/px4_ros_com_ros2/install/px4_msgs:/opt/ros/foxy LD_LIBRARY_PATH=/home/ruize/dev_ws/install/wave_gazebo_plugins/lib:${LD_LIBRARY_PATH} /usr/bin/cmake --build /home/ruize/dev_ws/build/usv_gazebo_plugins -- -j4 -l4
[1.054s] [35m[1mScanning dependencies of target buoyancy_gazebo_plugin[0m
[1.054s] [35m[1mScanning dependencies of target usv_gazebo_dynamics_plugin[0m
[1.054s] [35m[1mScanning dependencies of target usv_gazebo_acoustic_pinger_plugin[0m
[1.057s] [35m[1mScanning dependencies of target usv_gazebo_wind_plugin[0m
[1.071s] [  7%] [32mBuilding CXX object CMakeFiles/usv_gazebo_acoustic_pinger_plugin.dir/src/acoustic_pinger_plugin.cc.o[0m
[1.072s] [ 15%] [32mBuilding CXX object CMakeFiles/usv_gazebo_wind_plugin.dir/src/usv_gazebo_wind_plugin.cc.o[0m
[1.078s] [ 23%] [32mBuilding CXX object CMakeFiles/buoyancy_gazebo_plugin.dir/src/buoyancy_gazebo_plugin.cc.o[0m
[1.079s] [ 30%] [32mBuilding CXX object CMakeFiles/usv_gazebo_dynamics_plugin.dir/src/usv_gazebo_dynamics_plugin.cc.o[0m
[1.081s] [01m[K/home/ruize/dev_ws/src/usv_gazebo_plugins/src/usv_gazebo_wind_plugin.cc:18:10:[m[K [01;31m[Kfatal error: [m[Krclcpp/rclcpp.hpp: No such file or directory
[1.081s]    18 | #include [01;31m[K"rclcpp/rclcpp.hpp"[m[K
[1.081s]       |          [01;31m[K^~~~~~~~~~~~~~~~~~~[m[K
[1.081s] compilation terminated.
[1.082s] make[2]: *** [CMakeFiles/usv_gazebo_wind_plugin.dir/build.make:63: CMakeFiles/usv_gazebo_wind_plugin.dir/src/usv_gazebo_wind_plugin.cc.o] Error 1
[1.082s] make[1]: *** [CMakeFiles/Makefile2:142: CMakeFiles/usv_gazebo_wind_plugin.dir/all] Error 2
[1.082s] make[1]: *** Waiting for unfinished jobs....
[1.085s] [01m[K/home/ruize/dev_ws/src/usv_gazebo_plugins/src/acoustic_pinger_plugin.cc:46:10:[m[K [01;31m[Kfatal error: [m[Krclcpp/rclcpp.hpp: No such file or directory
[1.085s]    46 | #include [01;31m[K"rclcpp/rclcpp.hpp"[m[K
[1.085s]       |          [01;31m[K^~~~~~~~~~~~~~~~~~~[m[K
[1.085s] compilation terminated.
[1.086s] make[2]: *** [CMakeFiles/usv_gazebo_acoustic_pinger_plugin.dir/build.make:63: CMakeFiles/usv_gazebo_acoustic_pinger_plugin.dir/src/acoustic_pinger_plugin.cc.o] Error 1
[1.086s] make[1]: *** [CMakeFiles/Makefile2:196: CMakeFiles/usv_gazebo_acoustic_pinger_plugin.dir/all] Error 2
[1.087s] [01m[K/home/ruize/dev_ws/src/usv_gazebo_plugins/src/usv_gazebo_dynamics_plugin.cc:18:10:[m[K [01;31m[Kfatal error: [m[Krclcpp/rclcpp.hpp: No such file or directory
[1.087s]    18 | #include [01;31m[K"rclcpp/rclcpp.hpp"[m[K
[1.087s]       |          [01;31m[K^~~~~~~~~~~~~~~~~~~[m[K
[1.087s] compilation terminated.
[1.087s] make[2]: *** [CMakeFiles/usv_gazebo_dynamics_plugin.dir/build.make:63: CMakeFiles/usv_gazebo_dynamics_plugin.dir/src/usv_gazebo_dynamics_plugin.cc.o] Error 1
[1.087s] make[1]: *** [CMakeFiles/Makefile2:115: CMakeFiles/usv_gazebo_dynamics_plugin.dir/all] Error 2
[1.093s] [ 38%] [32mBuilding CXX object CMakeFiles/buoyancy_gazebo_plugin.dir/src/shape_volume.cc.o[0m
[1.101s] [ 46%] [32mBuilding CXX object CMakeFiles/buoyancy_gazebo_plugin.dir/src/polyhedron_volume.cc.o[0m
[1.116s] In file included from [01m[K/home/ruize/dev_ws/src/usv_gazebo_plugins/src/polyhedron_volume.cc:18[m[K:
[1.116s] [01m[K/home/ruize/dev_ws/src/usv_gazebo_plugins/include/usv_gazebo_plugins/polyhedron_volume.hh:22:10:[m[K [01;31m[Kfatal error: [m[Kgazebo/common/common.hh: No such file or directory
[1.116s]    22 | #include [01;31m[K<gazebo/common/common.hh>[m[K
[1.116s]       |          [01;31m[K^~~~~~~~~~~~~~~~~~~~~~~~~[m[K
[1.116s] compilation terminated.
[1.117s] make[2]: *** [CMakeFiles/buoyancy_gazebo_plugin.dir/build.make:89: CMakeFiles/buoyancy_gazebo_plugin.dir/src/polyhedron_volume.cc.o] Error 1
[1.117s] make[2]: *** Waiting for unfinished jobs....
[1.122s] [01m[K/home/ruize/dev_ws/src/usv_gazebo_plugins/src/buoyancy_gazebo_plugin.cc:20:10:[m[K [01;31m[Kfatal error: [m[Kgazebo/common/Assert.hh: No such file or directory
[1.122s]    20 | #include [01;31m[K<gazebo/common/Assert.hh>[m[K
[1.122s]       |          [01;31m[K^~~~~~~~~~~~~~~~~~~~~~~~~[m[K
[1.122s] compilation terminated.
[1.123s] make[2]: *** [CMakeFiles/buoyancy_gazebo_plugin.dir/build.make:63: CMakeFiles/buoyancy_gazebo_plugin.dir/src/buoyancy_gazebo_plugin.cc.o] Error 1
[1.186s] In file included from [01m[K/home/ruize/dev_ws/src/usv_gazebo_plugins/include/usv_gazebo_plugins/shape_volume.hh:26[m[K,
[1.186s]                  from [01m[K/home/ruize/dev_ws/src/usv_gazebo_plugins/src/shape_volume.cc:18[m[K:
[1.186s] [01m[K/home/ruize/dev_ws/src/usv_gazebo_plugins/include/usv_gazebo_plugins/polyhedron_volume.hh:22:10:[m[K [01;31m[Kfatal error: [m[Kgazebo/common/common.hh: No such file or directory
[1.186s]    22 | #include [01;31m[K<gazebo/common/common.hh>[m[K
[1.186s]       |          [01;31m[K^~~~~~~~~~~~~~~~~~~~~~~~~[m[K
[1.186s] compilation terminated.
[1.187s] make[2]: *** [CMakeFiles/buoyancy_gazebo_plugin.dir/build.make:76: CMakeFiles/buoyancy_gazebo_plugin.dir/src/shape_volume.cc.o] Error 1
[1.188s] make[1]: *** [CMakeFiles/Makefile2:88: CMakeFiles/buoyancy_gazebo_plugin.dir/all] Error 2
[1.188s] make: *** [Makefile:141: all] Error 2
[1.190s] Invoked command in '/home/ruize/dev_ws/build/usv_gazebo_plugins' returned '2': AMENT_PREFIX_PATH=/home/ruize/dev_ws/install/wave_gazebo_plugins:${AMENT_PREFIX_PATH} CMAKE_PREFIX_PATH=/home/ruize/dev_ws/install/wave_gazebo_plugins:/home/ruize/dev_ws/install/usv_msgs:/home/ruize/px4_ros_com_ros2/install/px4_ros_com:/home/ruize/px4_ros_com_ros2/install/px4_msgs:/opt/ros/foxy LD_LIBRARY_PATH=/home/ruize/dev_ws/install/wave_gazebo_plugins/lib:${LD_LIBRARY_PATH} /usr/bin/cmake --build /home/ruize/dev_ws/build/usv_gazebo_plugins -- -j4 -l4
