[0.017s] Invoking command in '/home/ruize/dev_ws/build/usv_gazebo_plugins': CMAKE_PREFIX_PATH=${CMAKE_PREFIX_PATH}:/opt/ros/foxy /usr/bin/cmake --build /home/ruize/dev_ws/build/usv_gazebo_plugins -- -j4 -l4
[0.041s] -- Found ament_cmake: 0.9.8 (/opt/ros/foxy/share/ament_cmake/cmake)
[0.057s] -- Using PYTHON_EXECUTABLE: /usr/bin/python3
[0.199s] -- Found gazebo_dev: 3.5.0 (/opt/ros/foxy/share/gazebo_dev/cmake)
[0.234s] -- Found DART: /usr/include (Required is at least version "6.6") found components: dart 
[0.259s] -- Found Protobuf: /usr/lib/x86_64-linux-gnu/libprotobuf.so;-lpthread (found version "3.6.1") 
[0.262s] -- Looking for ignition-math6 -- found version 6.8.0
[0.265s] -- Searching for dependencies of ignition-math6
[0.266s] -- Looking for OGRE...
[0.270s] -- Found Ogre Ghadamon (1.9.0)
[0.271s] -- Found OGRE: optimized;/usr/lib/x86_64-linux-gnu/libOgreMain.so;debug;/usr/lib/x86_64-linux-gnu/libOgreMain.so
[0.280s] -- Looking for OGRE_Paging...
[0.280s] -- Found OGRE_Paging: optimized;/usr/lib/x86_64-linux-gnu/libOgrePaging.so;debug;/usr/lib/x86_64-linux-gnu/libOgrePaging.so
[0.280s] -- Looking for OGRE_Terrain...
[0.280s] -- Found OGRE_Terrain: optimized;/usr/lib/x86_64-linux-gnu/libOgreTerrain.so;debug;/usr/lib/x86_64-linux-gnu/libOgreTerrain.so
[0.280s] -- Looking for OGRE_Property...
[0.280s] -- Found OGRE_Property: optimized;/usr/lib/x86_64-linux-gnu/libOgreProperty.so;debug;/usr/lib/x86_64-linux-gnu/libOgreProperty.so
[0.280s] -- Looking for OGRE_RTShaderSystem...
[0.280s] -- Found OGRE_RTShaderSystem: optimized;/usr/lib/x86_64-linux-gnu/libOgreRTShaderSystem.so;debug;/usr/lib/x86_64-linux-gnu/libOgreRTShaderSystem.so
[0.280s] -- Looking for OGRE_Volume...
[0.280s] -- Found OGRE_Volume: optimized;/usr/lib/x86_64-linux-gnu/libOgreVolume.so;debug;/usr/lib/x86_64-linux-gnu/libOgreVolume.so
[0.280s] -- Looking for OGRE_Overlay...
[0.280s] -- Found OGRE_Overlay: optimized;/usr/lib/x86_64-linux-gnu/libOgreOverlay.so;debug;/usr/lib/x86_64-linux-gnu/libOgreOverlay.so
[0.374s] -- Looking for ignition-math6 -- found version 6.8.0
[0.374s] -- Looking for ignition-transport8 -- found version 8.2.0
[0.374s] -- Searching for dependencies of ignition-transport8
[0.390s] -- Found Protobuf: /usr/lib/x86_64-linux-gnu/libprotobuf.so;-lpthread (found suitable version "3.6.1", minimum required is "3") 
[0.399s] -- Config-file not installed for ZeroMQ -- checking for pkg-config
[0.403s] -- Checking for module 'libzmq >= 4'
[0.413s] --   Found libzmq , version 4.3.2
[0.443s] -- Checking for module 'uuid'
[0.453s] --   Found uuid, version 2.34.0
[0.481s] -- Looking for ignition-msgs5 -- found version 5.7.0
[0.482s] -- Searching for dependencies of ignition-msgs5
[0.499s] -- Looking for ignition-math6 -- found version 6.8.0
[0.505s] -- Checking for module 'tinyxml2'
[0.516s] --   Found tinyxml2, version 6.2.0
[0.542s] -- Looking for ignition-msgs5 -- found version 5.7.0
[0.543s] -- Looking for ignition-common3 -- found version 3.11.1
[0.543s] -- Searching for dependencies of ignition-common3
[0.543s] -- Looking for dlfcn.h - found
[0.543s] -- Looking for libdl - found
[0.548s] -- Searching for <ignition-common3> component [graphics]
[0.548s] -- Looking for ignition-common3-graphics -- found version 3.11.1
[0.549s] -- Searching for dependencies of ignition-common3-graphics
[0.549s] -- Looking for ignition-math6 -- found version 6.8.0
[0.551s] -- Looking for ignition-fuel_tools4 -- found version 4.3.0
[0.551s] -- Searching for dependencies of ignition-fuel_tools4
[0.571s] -- Checking for module 'jsoncpp'
[0.581s] --   Found jsoncpp, version 1.7.4
[0.618s] -- Checking for module 'libzip'
[0.636s] --   Found libzip, version 1.5.1
[0.669s] -- Looking for ignition-common3 -- found version 3.11.1
[0.670s] -- Looking for ignition-msgs5 -- found version 5.7.0
[0.671s] -- Gazebo version: 11.3
[0.671s] -- Found rclcpp: 2.3.0 (/opt/ros/foxy/share/rclcpp/cmake)
[0.688s] -- Using all available rosidl_typesupport_c: rosidl_typesupport_fastrtps_c;rosidl_typesupport_introspection_c
[0.691s] -- Found rosidl_adapter: 1.2.0 (/opt/ros/foxy/share/rosidl_adapter/cmake)
[0.788s] -- Using all available rosidl_typesupport_cpp: rosidl_typesupport_fastrtps_cpp;rosidl_typesupport_introspection_cpp
[0.824s] -- Found rmw_implementation_cmake: 1.0.2 (/opt/ros/foxy/share/rmw_implementation_cmake/cmake)
[0.824s] -- Using RMW implementation 'rmw_fastrtps_cpp' as default
[0.935s] -- Found rosidl_default_generators: 1.0.0 (/opt/ros/foxy/share/rosidl_default_generators/cmake)
[0.942s] -- Found xacro: 2.0.4 (/opt/ros/foxy/share/xacro/cmake)
[0.943s] -- Found wave_gazebo_plugins: 1.3.0 (/home/ruize/dev_ws/install/wave_gazebo_plugins/share/wave_gazebo_plugins/cmake)
[0.960s] -- Found usv_msgs: 0.0.0 (/home/ruize/dev_ws/install/usv_msgs/share/usv_msgs/cmake)
[0.992s] -- xacro: determining deps for: worlds/buoyancy_plugin_demo.world.xacro ...
[1.037s] -- Found ament_lint_auto: 0.9.6 (/opt/ros/foxy/share/ament_lint_auto/cmake)
[1.081s] -- Added test 'copyright' to check source files copyright and LICENSE
[1.082s] -- Added test 'cppcheck' to perform static code analysis on C / C++ code
[1.082s] -- Configured cppcheck include dirs: /home/ruize/dev_ws/src/usv_gazebo_plugins/include
[1.082s] -- Configured cppcheck exclude dirs and/or files: 
[1.083s] -- Added test 'cpplint' to check C / C++ code against the Google style
[1.083s] -- Configured cpplint exclude dirs and/or files: 
[1.083s] -- Added test 'flake8' to check Python code syntax and style conventions
[1.084s] -- Added test 'lint_cmake' to check CMake code style
[1.084s] -- Added test 'pep257' to check Python code against some of the style conventions in PEP 257
[1.085s] -- Added test 'uncrustify' to check C / C++ code style
[1.085s] -- Configured uncrustify additional arguments: 
[1.085s] -- Added test 'xmllint' to check XML markup files
[1.087s] -- Configuring done
[1.096s] -- Generating done
[1.098s] -- Build files have been written to: /home/ruize/dev_ws/build/usv_gazebo_plugins
[1.124s] [35m[1mScanning dependencies of target usv_gazebo_plugins__xacro_auto_generate[0m
[1.127s] [35m[1mScanning dependencies of target buoyancy_gazebo_plugin[0m
[1.136s] [ 20%] [34m[1mxacro: generating worlds/buoyancy_plugin_demo.world from worlds/buoyancy_plugin_demo.world.xacro[0m
[1.142s] [ 40%] [32mBuilding CXX object CMakeFiles/buoyancy_gazebo_plugin.dir/src/buoyancy_gazebo_plugin.cc.o[0m
[1.143s] [ 60%] [32mBuilding CXX object CMakeFiles/buoyancy_gazebo_plugin.dir/src/shape_volume.cc.o[0m
[1.144s] [ 80%] [32mBuilding CXX object CMakeFiles/buoyancy_gazebo_plugin.dir/src/polyhedron_volume.cc.o[0m
[1.179s] In file included from [01m[K/home/ruize/dev_ws/src/usv_gazebo_plugins/src/polyhedron_volume.cc:18[m[K:
[1.179s] [01m[K/home/ruize/dev_ws/src/usv_gazebo_plugins/include/usv_gazebo_plugins/polyhedron_volume.hh:22:10:[m[K [01;31m[Kfatal error: [m[Kgazebo/common/common.hh: No such file or directory
[1.179s]    22 | #include [01;31m[K<gazebo/common/common.hh>[m[K
[1.179s]       |          [01;31m[K^~~~~~~~~~~~~~~~~~~~~~~~~[m[K
[1.179s] compilation terminated.
[1.180s] [01m[K/home/ruize/dev_ws/src/usv_gazebo_plugins/src/buoyancy_gazebo_plugin.cc:20:10:[m[K [01;31m[Kfatal error: [m[Kgazebo/common/Assert.hh: No such file or directory
[1.180s]    20 | #include [01;31m[K<gazebo/common/Assert.hh>[m[K
[1.181s]       |          [01;31m[K^~~~~~~~~~~~~~~~~~~~~~~~~[m[K
[1.181s] compilation terminated.
[1.181s] make[2]: *** [CMakeFiles/buoyancy_gazebo_plugin.dir/build.make:63: CMakeFiles/buoyancy_gazebo_plugin.dir/src/buoyancy_gazebo_plugin.cc.o] Error 1
[1.181s] make[2]: *** Waiting for unfinished jobs....
[1.181s] make[2]: *** [CMakeFiles/buoyancy_gazebo_plugin.dir/build.make:89: CMakeFiles/buoyancy_gazebo_plugin.dir/src/polyhedron_volume.cc.o] Error 1
[1.197s] [ 80%] Built target usv_gazebo_plugins__xacro_auto_generate
[1.239s] In file included from [01m[K/home/ruize/dev_ws/src/usv_gazebo_plugins/include/usv_gazebo_plugins/shape_volume.hh:26[m[K,
[1.239s]                  from [01m[K/home/ruize/dev_ws/src/usv_gazebo_plugins/src/shape_volume.cc:18[m[K:
[1.239s] [01m[K/home/ruize/dev_ws/src/usv_gazebo_plugins/include/usv_gazebo_plugins/polyhedron_volume.hh:22:10:[m[K [01;31m[Kfatal error: [m[Kgazebo/common/common.hh: No such file or directory
[1.239s]    22 | #include [01;31m[K<gazebo/common/common.hh>[m[K
[1.239s]       |          [01;31m[K^~~~~~~~~~~~~~~~~~~~~~~~~[m[K
[1.239s] compilation terminated.
[1.241s] make[2]: *** [CMakeFiles/buoyancy_gazebo_plugin.dir/build.make:76: CMakeFiles/buoyancy_gazebo_plugin.dir/src/shape_volume.cc.o] Error 1
[1.241s] make[1]: *** [CMakeFiles/Makefile2:107: CMakeFiles/buoyancy_gazebo_plugin.dir/all] Error 2
[1.242s] make: *** [Makefile:141: all] Error 2
[1.245s] Invoked command in '/home/ruize/dev_ws/build/usv_gazebo_plugins' returned '2': CMAKE_PREFIX_PATH=${CMAKE_PREFIX_PATH}:/opt/ros/foxy /usr/bin/cmake --build /home/ruize/dev_ws/build/usv_gazebo_plugins -- -j4 -l4
