[0.024s] Invoking command in '/home/ruize/dev_ws/build/usv_gazebo_plugins': CMAKE_PREFIX_PATH=${CMAKE_PREFIX_PATH}:/opt/ros/foxy /usr/bin/cmake --build /home/ruize/dev_ws/build/usv_gazebo_plugins -- -j4 -l4
[0.082s] [35m[1mScanning dependencies of target buoyancy_gazebo_plugin[0m
[0.093s] [ 20%] Built target usv_gazebo_plugins__xacro_auto_generate
[0.209s] [ 40%] [32mBuilding CXX object CMakeFiles/buoyancy_gazebo_plugin.dir/src/buoyancy_gazebo_plugin.cc.o[0m
[1.432s] In file included from [01m[K/home/ruize/dev_ws/src/usv_gazebo_plugins/src/buoyancy_gazebo_plugin.cc:22[m[K:
[1.432s] [01m[K/home/ruize/dev_ws/src/usv_gazebo_plugins/include/usv_gazebo_plugins/buoyancy_gazebo_plugin.hh:33:10:[m[K [01;31m[Kfatal error: [m[Kwave_gazebo_plugins/Wavefield.hh: No such file or directory
[1.432s]    33 | #include [01;31m[K<wave_gazebo_plugins/Wavefield.hh>[m[K
[1.432s]       |          [01;31m[K^~~~~~~~~~~~~~~~~~~~~~~~~~~~~~~~~~[m[K
[1.432s] compilation terminated.
[1.446s] make[2]: *** [CMakeFiles/buoyancy_gazebo_plugin.dir/build.make:63: CMakeFiles/buoyancy_gazebo_plugin.dir/src/buoyancy_gazebo_plugin.cc.o] Error 1
[1.448s] make[1]: *** [CMakeFiles/Makefile2:107: CMakeFiles/buoyancy_gazebo_plugin.dir/all] Error 2
[1.448s] make: *** [Makefile:141: all] Error 2
[1.449s] Invoked command in '/home/ruize/dev_ws/build/usv_gazebo_plugins' returned '2': CMAKE_PREFIX_PATH=${CMAKE_PREFIX_PATH}:/opt/ros/foxy /usr/bin/cmake --build /home/ruize/dev_ws/build/usv_gazebo_plugins -- -j4 -l4
